<?xml version="1.0" encoding="utf-8"?><testsuites name="pytest tests"><testsuite name="pytest" errors="0" failures="0" skipped="0" tests="10" time="6.974" timestamp="2026-07-19T15:46:56.555250+00:00" hostname="agent-env-67d4a0da-405d-453f-8f26-dd6c7fb56565"><testcase classname="tests.test_iteration2_features.TestChannels" name="test_list_channels_with_masking" time="2.013" /><testcase classname="tests.test_iteration2_features.TestChannelDelivery" name="test_slack_empty_config_is_mocked" time="2.641" /><testcase classname="tests.test_iteration2_features.TestChannels" name="test_viewer_cannot_write_channels" time="0.151" /><testcase classname="tests.test_iteration2_features.TestChannels" name="test_sre_create_patch_delete_channel" time="0.667" /><testcase classname="tests.test_iteration2_features.TestChannelDelivery" name="test_viewer_cannot_test_channel" time="0.243" /><testcase classname="tests.test_iteration2_features.TestWebSocket" name="test_ws_requires_valid_token" time="0.197" /><testcase classname="tests.test_iteration2_features.TestAlertRules" name="test_list_rules_persisted" time="0.102" /><testcase classname="tests.test_iteration2_features.TestAlertRules" name="test_rule_crud_and_trigger" time="0.880" /><testcase classname="tests.test_iteration2_features.TestWebSocket" name="test_ws_valid_token_receives_init_and_tick" time="3.199" /><testcase classname="tests.test_iteration2_features.TestNotificationHistory" name="test_history_returns_rows" time="0.131" /></testsuite></testsuites>