<?xml version="1.0" encoding="utf-8"?><testsuites name="pytest tests"><testsuite name="pytest" errors="0" failures="1" skipped="0" tests="28" time="70.863" timestamp="2026-07-19T15:19:49.660957+00:00" hostname="agent-env-67d4a0da-405d-453f-8f26-dd6c7fb56565"><testcase classname="tests.test_sentinel_backend.TestAdmin" name="test_viewer_forbidden" time="22.587" /><testcase classname="tests.test_sentinel_backend.TestAdmin" name="test_admin_get_users" time="0.103" /><testcase classname="tests.test_sentinel_backend.TestAdmin" name="test_admin_thresholds_and_ai" time="7.476" /><testcase classname="tests.test_sentinel_backend.TestAdmin" name="test_admin_audit_log" time="0.146" /><testcase classname="tests.test_sentinel_backend.TestAdmin" name="test_admin_create_update_delete_user" time="0.326"><failure message="assert 500 == 200&#10; +  where 500 = &lt;Response [500]&gt;.status_code">backend/tests/test_sentinel_backend.py:227: in test_admin_create_update_delete_user
    assert r.status_code == 200
E   assert 500 == 200
E    +  where 500 = &lt;Response [500]&gt;.status_code</failure></testcase><testcase classname="tests.test_sentinel_backend.TestAdmin" name="test_admin_cannot_delete_primary" time="0.100" /><testcase classname="tests.test_sentinel_backend.TestAuth" name="test_login_valid_admin" time="0.328" /><testcase classname="tests.test_sentinel_backend.TestAuth" name="test_login_wrong_password" time="0.325" /><testcase classname="tests.test_sentinel_backend.TestAuth" name="test_login_unknown_user" time="0.109" /><testcase classname="tests.test_sentinel_backend.TestAuth" name="test_me_requires_token" time="0.104" /><testcase classname="tests.test_sentinel_backend.TestAuth" name="test_me_with_token" time="0.318" /><testcase classname="tests.test_sentinel_backend.TestPlatform" name="test_kafka_topics" time="32.058" /><testcase classname="tests.test_sentinel_backend.TestCopilot" name="test_copilot_chat_sync" time="5.429" /><testcase classname="tests.test_sentinel_backend.TestPlatform" name="test_kafka_summary" time="1.383" /><testcase classname="tests.test_sentinel_backend.TestPlatform" name="test_k8s" time="0.221" /><testcase classname="tests.test_sentinel_backend.TestPlatform" name="test_database" time="5.460" /><testcase classname="tests.test_sentinel_backend.TestCopilot" name="test_copilot_chat_stream" time="3.444" /><testcase classname="tests.test_sentinel_backend.TestPlatform" name="test_deployments" time="0.104" /><testcase classname="tests.test_sentinel_backend.TestPlatform" name="test_traces" time="0.244" /><testcase classname="tests.test_sentinel_backend.TestNotifications" name="test_get_alert_rules_any_role" time="0.130" /><testcase classname="tests.test_sentinel_backend.TestNotifications" name="test_viewer_cannot_create_rule" time="0.102" /><testcase classname="tests.test_sentinel_backend.TestNotifications" name="test_sre_create_and_delete_rule" time="0.207" /><testcase classname="tests.test_sentinel_backend.TestIncidents" name="test_list_incidents" time="0.104" /><testcase classname="tests.test_sentinel_backend.TestIncidents" name="test_incident_detail" time="0.206" /><testcase classname="tests.test_sentinel_backend.TestDashboard" name="test_overview_shape" time="0.105" /><testcase classname="tests.test_sentinel_backend.TestServices" name="test_list_services" time="0.108" /><testcase classname="tests.test_sentinel_backend.TestCopilot" name="test_generate_rca" time="18.119" /><testcase classname="tests.test_sentinel_backend.TestCopilot" name="test_deployment_risk_ai" time="11.276" /></testsuite></testsuites>