<?xml version="1.0" encoding="utf-8"?><testsuites name="pytest tests"><testsuite name="pytest" errors="0" failures="0" skipped="0" tests="28" time="37.499" timestamp="2026-07-19T15:47:08.758174+00:00" hostname="agent-env-67d4a0da-405d-453f-8f26-dd6c7fb56565"><testcase classname="tests.test_sentinel_backend.TestAdmin" name="test_viewer_forbidden" time="2.637" /><testcase classname="tests.test_sentinel_backend.TestPlatform" name="test_kafka_topics" time="2.329" /><testcase classname="tests.test_sentinel_backend.TestPlatform" name="test_kafka_summary" time="0.148" /><testcase classname="tests.test_sentinel_backend.TestPlatform" name="test_k8s" time="0.203" /><testcase classname="tests.test_sentinel_backend.TestAdmin" name="test_admin_get_users" time="0.110" /><testcase classname="tests.test_sentinel_backend.TestPlatform" name="test_database" time="0.314" /><testcase classname="tests.test_sentinel_backend.TestAdmin" name="test_admin_thresholds_and_ai" time="0.202" /><testcase classname="tests.test_sentinel_backend.TestAdmin" name="test_admin_audit_log" time="0.108" /><testcase classname="tests.test_sentinel_backend.TestPlatform" name="test_deployments" time="0.106" /><testcase classname="tests.test_sentinel_backend.TestAdmin" name="test_admin_create_update_delete_user" time="0.853" /><testcase classname="tests.test_sentinel_backend.TestPlatform" name="test_traces" time="0.383" /><testcase classname="tests.test_sentinel_backend.TestAuth" name="test_login_valid_admin" time="0.327" /><testcase classname="tests.test_sentinel_backend.TestAuth" name="test_login_wrong_password" time="0.336" /><testcase classname="tests.test_sentinel_backend.TestAdmin" name="test_admin_cannot_delete_primary" time="0.237" /><testcase classname="tests.test_sentinel_backend.TestCopilot" name="test_copilot_chat_sync" time="4.416" /><testcase classname="tests.test_sentinel_backend.TestAuth" name="test_login_unknown_user" time="0.100" /><testcase classname="tests.test_sentinel_backend.TestAuth" name="test_me_requires_token" time="2.453" /><testcase classname="tests.test_sentinel_backend.TestAuth" name="test_me_with_token" time="0.219" /><testcase classname="tests.test_sentinel_backend.TestNotifications" name="test_get_alert_rules_any_role" time="0.108" /><testcase classname="tests.test_sentinel_backend.TestNotifications" name="test_viewer_cannot_create_rule" time="0.096" /><testcase classname="tests.test_sentinel_backend.TestNotifications" name="test_sre_create_and_delete_rule" time="0.206" /><testcase classname="tests.test_sentinel_backend.TestIncidents" name="test_list_incidents" time="0.103" /><testcase classname="tests.test_sentinel_backend.TestIncidents" name="test_incident_detail" time="0.259" /><testcase classname="tests.test_sentinel_backend.TestDashboard" name="test_overview_shape" time="0.101" /><testcase classname="tests.test_sentinel_backend.TestServices" name="test_list_services" time="0.099" /><testcase classname="tests.test_sentinel_backend.TestCopilot" name="test_copilot_chat_stream" time="3.287" /><testcase classname="tests.test_sentinel_backend.TestCopilot" name="test_generate_rca" time="14.420" /><testcase classname="tests.test_sentinel_backend.TestCopilot" name="test_deployment_risk_ai" time="10.658" /></testsuite></testsuites>